<?xml version="1.0" encoding="UTF-8"?>
<testsuite xmlns:xsi="http://www.w3.org/2001/XMLSchema-instance" xsi:noNamespaceSchemaLocation="https://maven.apache.org/surefire/maven-surefire-plugin/xsd/surefire-test-report.xsd" name="com.org.obtech.account.cmd.api.BankAccCommandApplicationTests" time="4.383" tests="1" errors="0" skipped="0" failures="0">
  <properties>
    <property name="java.specification.version" value="13"/>
    <property name="sun.jnu.encoding" value="UTF-8"/>
    <property name="java.class.path" value="/Users/obinnaonyimadu/Downloads/user-bank-account/account.cmd.api/target/test-classes:/Users/obinnaonyimadu/Downloads/user-bank-account/account.cmd.api/target/classes:/Users/obinnaonyimadu/.m2/repository/org/springframework/boot/spring-boot-starter-security/2.5.0/spring-boot-starter-security-2.5.0.jar:/Users/obinnaonyimadu/.m2/repository/org/springframework/boot/spring-boot-starter/2.5.0/spring-boot-starter-2.5.0.jar:/Users/obinnaonyimadu/.m2/repository/org/springframework/boot/spring-boot-starter-logging/2.5.0/spring-boot-starter-logging-2.5.0.jar:/Users/obinnaonyimadu/.m2/repository/ch/qos/logback/logback-classic/1.2.3/logback-classic-1.2.3.jar:/Users/obinnaonyimadu/.m2/repository/ch/qos/logback/logback-core/1.2.3/logback-core-1.2.3.jar:/Users/obinnaonyimadu/.m2/repository/org/apache/logging/log4j/log4j-to-slf4j/2.14.1/log4j-to-slf4j-2.14.1.jar:/Users/obinnaonyimadu/.m2/repository/org/apache/logging/log4j/log4j-api/2.14.1/log4j-api-2.14.1.jar:/Users/obinnaonyimadu/.m2/repository/org/slf4j/jul-to-slf4j/1.7.30/jul-to-slf4j-1.7.30.jar:/Users/obinnaonyimadu/.m2/repository/jakarta/annotation/jakarta.annotation-api/1.3.5/jakarta.annotation-api-1.3.5.jar:/Users/obinnaonyimadu/.m2/repository/org/yaml/snakeyaml/1.28/snakeyaml-1.28.jar:/Users/obinnaonyimadu/.m2/repository/org/springframework/spring-aop/5.3.7/spring-aop-5.3.7.jar:/Users/obinnaonyimadu/.m2/repository/org/springframework/security/spring-security-config/5.5.0/spring-security-config-5.5.0.jar:/Users/obinnaonyimadu/.m2/repository/org/jetbrains/kotlin/kotlin-stdlib-jdk8/1.5.0/kotlin-stdlib-jdk8-1.5.0.jar:/Users/obinnaonyimadu/.m2/repository/org/jetbrains/kotlin/kotlin-stdlib/1.5.0/kotlin-stdlib-1.5.0.jar:/Users/obinnaonyimadu/.m2/repository/org/jetbrains/annotations/13.0/annotations-13.0.jar:/Users/obinnaonyimadu/.m2/repository/org/jetbrains/kotlin/kotlin-stdlib-common/1.5.0/kotlin-stdlib-common-1.5.0.jar:/Users/obinnaonyimadu/.m2/repository/org/jetbrains/kotlin/kotlin-stdlib-jdk7/1.5.0/kotlin-stdlib-jdk7-1.5.0.jar:/Users/obinnaonyimadu/.m2/repository/org/springframework/security/spring-security-web/5.5.0/spring-security-web-5.5.0.jar:/Users/obinnaonyimadu/.m2/repository/org/springframework/spring-expression/5.3.7/spring-expression-5.3.7.jar:/Users/obinnaonyimadu/.m2/repository/org/springframework/boot/spring-boot-starter-web/2.5.0/spring-boot-starter-web-2.5.0.jar:/Users/obinnaonyimadu/.m2/repository/org/springframework/boot/spring-boot-starter-json/2.5.0/spring-boot-starter-json-2.5.0.jar:/Users/obinnaonyimadu/.m2/repository/com/fasterxml/jackson/datatype/jackson-datatype-jdk8/2.12.3/jackson-datatype-jdk8-2.12.3.jar:/Users/obinnaonyimadu/.m2/repository/com/fasterxml/jackson/datatype/jackson-datatype-jsr310/2.12.3/jackson-datatype-jsr310-2.12.3.jar:/Users/obinnaonyimadu/.m2/repository/com/fasterxml/jackson/module/jackson-module-parameter-names/2.12.3/jackson-module-parameter-names-2.12.3.jar:/Users/obinnaonyimadu/.m2/repository/org/springframework/boot/spring-boot-starter-tomcat/2.5.0/spring-boot-starter-tomcat-2.5.0.jar:/Users/obinnaonyimadu/.m2/repository/org/apache/tomcat/embed/tomcat-embed-core/9.0.46/tomcat-embed-core-9.0.46.jar:/Users/obinnaonyimadu/.m2/repository/org/apache/tomcat/embed/tomcat-embed-el/9.0.46/tomcat-embed-el-9.0.46.jar:/Users/obinnaonyimadu/.m2/repository/org/apache/tomcat/embed/tomcat-embed-websocket/9.0.46/tomcat-embed-websocket-9.0.46.jar:/Users/obinnaonyimadu/.m2/repository/org/springframework/spring-web/5.3.7/spring-web-5.3.7.jar:/Users/obinnaonyimadu/.m2/repository/org/springframework/spring-webmvc/5.3.7/spring-webmvc-5.3.7.jar:/Users/obinnaonyimadu/.m2/repository/org/projectlombok/lombok/1.18.20/lombok-1.18.20.jar:/Users/obinnaonyimadu/.m2/repository/org/springframework/boot/spring-boot-starter-test/2.5.0/spring-boot-starter-test-2.5.0.jar:/Users/obinnaonyimadu/.m2/repository/org/springframework/boot/spring-boot-test/2.5.0/spring-boot-test-2.5.0.jar:/Users/obinnaonyimadu/.m2/repository/org/springframework/boot/spring-boot-test-autoconfigure/2.5.0/spring-boot-test-autoconfigure-2.5.0.jar:/Users/obinnaonyimadu/.m2/repository/com/jayway/jsonpath/json-path/2.5.0/json-path-2.5.0.jar:/Users/obinnaonyimadu/.m2/repository/net/minidev/json-smart/2.4.7/json-smart-2.4.7.jar:/Users/obinnaonyimadu/.m2/repository/net/minidev/accessors-smart/2.4.7/accessors-smart-2.4.7.jar:/Users/obinnaonyimadu/.m2/repository/org/ow2/asm/asm/9.1/asm-9.1.jar:/Users/obinnaonyimadu/.m2/repository/org/slf4j/slf4j-api/1.7.30/slf4j-api-1.7.30.jar:/Users/obinnaonyimadu/.m2/repository/jakarta/xml/bind/jakarta.xml.bind-api/2.3.3/jakarta.xml.bind-api-2.3.3.jar:/Users/obinnaonyimadu/.m2/repository/jakarta/activation/jakarta.activation-api/1.2.2/jakarta.activation-api-1.2.2.jar:/Users/obinnaonyimadu/.m2/repository/org/assertj/assertj-core/3.19.0/assertj-core-3.19.0.jar:/Users/obinnaonyimadu/.m2/repository/org/hamcrest/hamcrest/2.2/hamcrest-2.2.jar:/Users/obinnaonyimadu/.m2/repository/org/junit/jupiter/junit-jupiter/5.7.2/junit-jupiter-5.7.2.jar:/Users/obinnaonyimadu/.m2/repository/org/junit/jupiter/junit-jupiter-api/5.7.2/junit-jupiter-api-5.7.2.jar:/Users/obinnaonyimadu/.m2/repository/org/apiguardian/apiguardian-api/1.1.0/apiguardian-api-1.1.0.jar:/Users/obinnaonyimadu/.m2/repository/org/opentest4j/opentest4j/1.2.0/opentest4j-1.2.0.jar:/Users/obinnaonyimadu/.m2/repository/org/junit/platform/junit-platform-commons/1.7.2/junit-platform-commons-1.7.2.jar:/Users/obinnaonyimadu/.m2/repository/org/junit/jupiter/junit-jupiter-params/5.7.2/junit-jupiter-params-5.7.2.jar:/Users/obinnaonyimadu/.m2/repository/org/junit/jupiter/junit-jupiter-engine/5.7.2/junit-jupiter-engine-5.7.2.jar:/Users/obinnaonyimadu/.m2/repository/org/junit/platform/junit-platform-engine/1.7.2/junit-platform-engine-1.7.2.jar:/Users/obinnaonyimadu/.m2/repository/org/mockito/mockito-core/3.9.0/mockito-core-3.9.0.jar:/Users/obinnaonyimadu/.m2/repository/net/bytebuddy/byte-buddy/1.10.22/byte-buddy-1.10.22.jar:/Users/obinnaonyimadu/.m2/repository/net/bytebuddy/byte-buddy-agent/1.10.22/byte-buddy-agent-1.10.22.jar:/Users/obinnaonyimadu/.m2/repository/org/objenesis/objenesis/3.2/objenesis-3.2.jar:/Users/obinnaonyimadu/.m2/repository/org/mockito/mockito-junit-jupiter/3.9.0/mockito-junit-jupiter-3.9.0.jar:/Users/obinnaonyimadu/.m2/repository/org/skyscreamer/jsonassert/1.5.0/jsonassert-1.5.0.jar:/Users/obinnaonyimadu/.m2/repository/com/vaadin/external/google/android-json/0.0.20131108.vaadin1/android-json-0.0.20131108.vaadin1.jar:/Users/obinnaonyimadu/.m2/repository/org/springframework/spring-core/5.3.7/spring-core-5.3.7.jar:/Users/obinnaonyimadu/.m2/repository/org/springframework/spring-jcl/5.3.7/spring-jcl-5.3.7.jar:/Users/obinnaonyimadu/.m2/repository/org/springframework/spring-test/5.3.7/spring-test-5.3.7.jar:/Users/obinnaonyimadu/.m2/repository/org/xmlunit/xmlunit-core/2.8.2/xmlunit-core-2.8.2.jar:/Users/obinnaonyimadu/.m2/repository/org/springframework/security/spring-security-test/5.5.0/spring-security-test-5.5.0.jar:/Users/obinnaonyimadu/.m2/repository/org/springframework/security/spring-security-core/5.5.0/spring-security-core-5.5.0.jar:/Users/obinnaonyimadu/.m2/repository/org/springframework/security/spring-security-crypto/5.5.0/spring-security-crypto-5.5.0.jar:/Users/obinnaonyimadu/.m2/repository/org/axonframework/axon-spring-boot-starter/4.4/axon-spring-boot-starter-4.4.jar:/Users/obinnaonyimadu/.m2/repository/org/axonframework/axon-spring-boot-autoconfigure/4.4/axon-spring-boot-autoconfigure-4.4.jar:/Users/obinnaonyimadu/.m2/repository/org/axonframework/axon-server-connector/4.4/axon-server-connector-4.4.jar:/Users/obinnaonyimadu/.m2/repository/io/axoniq/axonserver-connector-java/4.4/axonserver-connector-java-4.4.jar:/Users/obinnaonyimadu/.m2/repository/io/grpc/grpc-protobuf/1.28.1/grpc-protobuf-1.28.1.jar:/Users/obinnaonyimadu/.m2/repository/io/grpc/grpc-api/1.28.1/grpc-api-1.28.1.jar:/Users/obinnaonyimadu/.m2/repository/io/grpc/grpc-context/1.28.1/grpc-context-1.28.1.jar:/Users/obinnaonyimadu/.m2/repository/com/google/errorprone/error_prone_annotations/2.3.4/error_prone_annotations-2.3.4.jar:/Users/obinnaonyimadu/.m2/repository/com/google/code/findbugs/jsr305/3.0.2/jsr305-3.0.2.jar:/Users/obinnaonyimadu/.m2/repository/org/codehaus/mojo/animal-sniffer-annotations/1.18/animal-sniffer-annotations-1.18.jar:/Users/obinnaonyimadu/.m2/repository/com/google/protobuf/protobuf-java/3.11.0/protobuf-java-3.11.0.jar:/Users/obinnaonyimadu/.m2/repository/com/google/guava/guava/28.1-android/guava-28.1-android.jar:/Users/obinnaonyimadu/.m2/repository/com/google/guava/failureaccess/1.0.1/failureaccess-1.0.1.jar:/Users/obinnaonyimadu/.m2/repository/com/google/guava/listenablefuture/9999.0-empty-to-avoid-conflict-with-guava/listenablefuture-9999.0-empty-to-avoid-conflict-with-guava.jar:/Users/obinnaonyimadu/.m2/repository/org/checkerframework/checker-compat-qual/2.5.5/checker-compat-qual-2.5.5.jar:/Users/obinnaonyimadu/.m2/repository/com/google/j2objc/j2objc-annotations/1.3/j2objc-annotations-1.3.jar:/Users/obinnaonyimadu/.m2/repository/com/google/api/grpc/proto-google-common-protos/1.17.0/proto-google-common-protos-1.17.0.jar:/Users/obinnaonyimadu/.m2/repository/io/grpc/grpc-protobuf-lite/1.28.1/grpc-protobuf-lite-1.28.1.jar:/Users/obinnaonyimadu/.m2/repository/io/grpc/grpc-stub/1.28.1/grpc-stub-1.28.1.jar:/Users/obinnaonyimadu/.m2/repository/io/grpc/grpc-netty/1.28.1/grpc-netty-1.28.1.jar:/Users/obinnaonyimadu/.m2/repository/io/grpc/grpc-core/1.28.1/grpc-core-1.28.1.jar:/Users/obinnaonyimadu/.m2/repository/com/google/code/gson/gson/2.8.6/gson-2.8.6.jar:/Users/obinnaonyimadu/.m2/repository/com/google/android/annotations/4.1.1.4/annotations-4.1.1.4.jar:/Users/obinnaonyimadu/.m2/repository/io/perfmark/perfmark-api/0.19.0/perfmark-api-0.19.0.jar:/Users/obinnaonyimadu/.m2/repository/io/netty/netty-codec-http2/4.1.65.Final/netty-codec-http2-4.1.65.Final.jar:/Users/obinnaonyimadu/.m2/repository/io/netty/netty-common/4.1.65.Final/netty-common-4.1.65.Final.jar:/Users/obinnaonyimadu/.m2/repository/io/netty/netty-buffer/4.1.65.Final/netty-buffer-4.1.65.Final.jar:/Users/obinnaonyimadu/.m2/repository/io/netty/netty-transport/4.1.65.Final/netty-transport-4.1.65.Final.jar:/Users/obinnaonyimadu/.m2/repository/io/netty/netty-resolver/4.1.65.Final/netty-resolver-4.1.65.Final.jar:/Users/obinnaonyimadu/.m2/repository/io/netty/netty-codec/4.1.65.Final/netty-codec-4.1.65.Final.jar:/Users/obinnaonyimadu/.m2/repository/io/netty/netty-handler/4.1.65.Final/netty-handler-4.1.65.Final.jar:/Users/obinnaonyimadu/.m2/repository/io/netty/netty-codec-http/4.1.65.Final/netty-codec-http-4.1.65.Final.jar:/Users/obinnaonyimadu/.m2/repository/io/netty/netty-handler-proxy/4.1.65.Final/netty-handler-proxy-4.1.65.Final.jar:/Users/obinnaonyimadu/.m2/repository/io/netty/netty-codec-socks/4.1.65.Final/netty-codec-socks-4.1.65.Final.jar:/Users/obinnaonyimadu/.m2/repository/io/netty/netty-tcnative-boringssl-static/2.0.39.Final/netty-tcnative-boringssl-static-2.0.39.Final.jar:/Users/obinnaonyimadu/.m2/repository/org/axonframework/axon-spring/4.4/axon-spring-4.4.jar:/Users/obinnaonyimadu/.m2/repository/org/axonframework/axon-configuration/4.4/axon-configuration-4.4.jar:/Users/obinnaonyimadu/.m2/repository/org/axonframework/axon-disruptor/4.4/axon-disruptor-4.4.jar:/Users/obinnaonyimadu/.m2/repository/com/lmax/disruptor/3.4.2/disruptor-3.4.2.jar:/Users/obinnaonyimadu/.m2/repository/org/axonframework/axon-eventsourcing/4.4/axon-eventsourcing-4.4.jar:/Users/obinnaonyimadu/.m2/repository/org/axonframework/axon-modelling/4.4/axon-modelling-4.4.jar:/Users/obinnaonyimadu/.m2/repository/org/axonframework/axon-messaging/4.4/axon-messaging-4.4.jar:/Users/obinnaonyimadu/.m2/repository/com/thoughtworks/xstream/xstream/1.4.11.1/xstream-1.4.11.1.jar:/Users/obinnaonyimadu/.m2/repository/xpp3/xpp3/1.1.4c/xpp3-1.1.4c.jar:/Users/obinnaonyimadu/.m2/repository/org/springframework/security/oauth/spring-security-oauth2/2.5.1.RELEASE/spring-security-oauth2-2.5.1.RELEASE.jar:/Users/obinnaonyimadu/.m2/repository/org/springframework/spring-beans/5.3.7/spring-beans-5.3.7.jar:/Users/obinnaonyimadu/.m2/repository/org/springframework/spring-context/5.3.7/spring-context-5.3.7.jar:/Users/obinnaonyimadu/.m2/repository/commons-codec/commons-codec/1.15/commons-codec-1.15.jar:/Users/obinnaonyimadu/.m2/repository/org/springframework/security/oauth/boot/spring-security-oauth2-autoconfigure/2.5.0/spring-security-oauth2-autoconfigure-2.5.0.jar:/Users/obinnaonyimadu/.m2/repository/com/fasterxml/jackson/core/jackson-annotations/2.12.3/jackson-annotations-2.12.3.jar:/Users/obinnaonyimadu/.m2/repository/com/fasterxml/jackson/core/jackson-databind/2.12.3/jackson-databind-2.12.3.jar:/Users/obinnaonyimadu/.m2/repository/com/fasterxml/jackson/core/jackson-core/2.12.3/jackson-core-2.12.3.jar:/Users/obinnaonyimadu/.m2/repository/javax/xml/bind/jaxb-api/2.3.1/jaxb-api-2.3.1.jar:/Users/obinnaonyimadu/.m2/repository/javax/activation/javax.activation-api/1.2.0/javax.activation-api-1.2.0.jar:/Users/obinnaonyimadu/.m2/repository/org/springframework/boot/spring-boot/2.5.0/spring-boot-2.5.0.jar:/Users/obinnaonyimadu/.m2/repository/org/springframework/boot/spring-boot-autoconfigure/2.5.0/spring-boot-autoconfigure-2.5.0.jar:/Users/obinnaonyimadu/.m2/repository/org/glassfish/jaxb/jaxb-runtime/2.3.4/jaxb-runtime-2.3.4.jar:/Users/obinnaonyimadu/.m2/repository/org/glassfish/jaxb/txw2/2.3.4/txw2-2.3.4.jar:/Users/obinnaonyimadu/.m2/repository/com/sun/istack/istack-commons-runtime/3.0.12/istack-commons-runtime-3.0.12.jar:/Users/obinnaonyimadu/.m2/repository/com/sun/activation/jakarta.activation/1.2.2/jakarta.activation-1.2.2.jar:/Users/obinnaonyimadu/.m2/repository/org/springframework/security/spring-security-jwt/1.1.1.RELEASE/spring-security-jwt-1.1.1.RELEASE.jar:/Users/obinnaonyimadu/.m2/repository/org/bouncycastle/bcpkix-jdk15on/1.64/bcpkix-jdk15on-1.64.jar:/Users/obinnaonyimadu/.m2/repository/org/bouncycastle/bcprov-jdk15on/1.64/bcprov-jdk15on-1.64.jar:/Users/obinnaonyimadu/Downloads/user-bank-account/account.core/target/account.core-1.0.0.jar:/Users/obinnaonyimadu/.m2/repository/org/springframework/boot/spring-boot-starter-data-jpa/2.5.0/spring-boot-starter-data-jpa-2.5.0.jar:/Users/obinnaonyimadu/.m2/repository/org/springframework/boot/spring-boot-starter-aop/2.5.0/spring-boot-starter-aop-2.5.0.jar:/Users/obinnaonyimadu/.m2/repository/org/aspectj/aspectjweaver/1.9.6/aspectjweaver-1.9.6.jar:/Users/obinnaonyimadu/.m2/repository/org/springframework/boot/spring-boot-starter-jdbc/2.5.0/spring-boot-starter-jdbc-2.5.0.jar:/Users/obinnaonyimadu/.m2/repository/com/zaxxer/HikariCP/4.0.3/HikariCP-4.0.3.jar:/Users/obinnaonyimadu/.m2/repository/org/springframework/spring-jdbc/5.3.7/spring-jdbc-5.3.7.jar:/Users/obinnaonyimadu/.m2/repository/jakarta/transaction/jakarta.transaction-api/1.3.3/jakarta.transaction-api-1.3.3.jar:/Users/obinnaonyimadu/.m2/repository/jakarta/persistence/jakarta.persistence-api/2.2.3/jakarta.persistence-api-2.2.3.jar:/Users/obinnaonyimadu/.m2/repository/org/hibernate/hibernate-core/5.4.31.Final/hibernate-core-5.4.31.Final.jar:/Users/obinnaonyimadu/.m2/repository/org/jboss/logging/jboss-logging/3.4.1.Final/jboss-logging-3.4.1.Final.jar:/Users/obinnaonyimadu/.m2/repository/org/javassist/javassist/3.27.0-GA/javassist-3.27.0-GA.jar:/Users/obinnaonyimadu/.m2/repository/antlr/antlr/2.7.7/antlr-2.7.7.jar:/Users/obinnaonyimadu/.m2/repository/org/jboss/jandex/2.2.3.Final/jandex-2.2.3.Final.jar:/Users/obinnaonyimadu/.m2/repository/com/fasterxml/classmate/1.5.1/classmate-1.5.1.jar:/Users/obinnaonyimadu/.m2/repository/org/dom4j/dom4j/2.1.3/dom4j-2.1.3.jar:/Users/obinnaonyimadu/.m2/repository/org/hibernate/common/hibernate-commons-annotations/5.1.2.Final/hibernate-commons-annotations-5.1.2.Final.jar:/Users/obinnaonyimadu/.m2/repository/org/springframework/data/spring-data-jpa/2.5.1/spring-data-jpa-2.5.1.jar:/Users/obinnaonyimadu/.m2/repository/org/springframework/data/spring-data-commons/2.5.1/spring-data-commons-2.5.1.jar:/Users/obinnaonyimadu/.m2/repository/org/springframework/spring-orm/5.3.7/spring-orm-5.3.7.jar:/Users/obinnaonyimadu/.m2/repository/org/springframework/spring-tx/5.3.7/spring-tx-5.3.7.jar:/Users/obinnaonyimadu/.m2/repository/org/springframework/spring-aspects/5.3.7/spring-aspects-5.3.7.jar:/Users/obinnaonyimadu/.m2/repository/mysql/mysql-connector-java/8.0.25/mysql-connector-java-8.0.25.jar:/Users/obinnaonyimadu/.m2/repository/org/axonframework/extensions/mongo/axon-mongo/4.4/axon-mongo-4.4.jar:/Users/obinnaonyimadu/.m2/repository/org/mongodb/mongodb-driver-sync/4.2.3/mongodb-driver-sync-4.2.3.jar:/Users/obinnaonyimadu/.m2/repository/org/mongodb/bson/4.2.3/bson-4.2.3.jar:/Users/obinnaonyimadu/.m2/repository/org/mongodb/mongodb-driver-core/4.2.3/mongodb-driver-core-4.2.3.jar:"/>
    <property name="java.vm.vendor" value="Oracle Corporation"/>
    <property name="sun.arch.data.model" value="64"/>
    <property name="java.vendor.url" value="https://java.oracle.com/"/>
    <property name="os.name" value="Mac OS X"/>
    <property name="java.vm.specification.version" value="13"/>
    <property name="sun.java.launcher" value="SUN_STANDARD"/>
    <property name="user.country" value="GB"/>
    <property name="sun.boot.library.path" value="/Library/Java/JavaVirtualMachines/openjdk-13.0.1.jdk/Contents/Home/lib"/>
    <property name="sun.java.command" value="/Users/obinnaonyimadu/Downloads/user-bank-account/account.cmd.api/target/surefire/surefirebooter9956453909181821202.jar /Users/obinnaonyimadu/Downloads/user-bank-account/account.cmd.api/target/surefire 2021-06-04T00-49-06_448-jvmRun1 surefire15700925989375530979tmp surefire_015261652848462382377tmp"/>
    <property name="http.nonProxyHosts" value="local|*.local|169.254/16|*.169.254/16"/>
    <property name="jdk.debug" value="release"/>
    <property name="surefire.test.class.path" value="/Users/obinnaonyimadu/Downloads/user-bank-account/account.cmd.api/target/test-classes:/Users/obinnaonyimadu/Downloads/user-bank-account/account.cmd.api/target/classes:/Users/obinnaonyimadu/.m2/repository/org/springframework/boot/spring-boot-starter-security/2.5.0/spring-boot-starter-security-2.5.0.jar:/Users/obinnaonyimadu/.m2/repository/org/springframework/boot/spring-boot-starter/2.5.0/spring-boot-starter-2.5.0.jar:/Users/obinnaonyimadu/.m2/repository/org/springframework/boot/spring-boot-starter-logging/2.5.0/spring-boot-starter-logging-2.5.0.jar:/Users/obinnaonyimadu/.m2/repository/ch/qos/logback/logback-classic/1.2.3/logback-classic-1.2.3.jar:/Users/obinnaonyimadu/.m2/repository/ch/qos/logback/logback-core/1.2.3/logback-core-1.2.3.jar:/Users/obinnaonyimadu/.m2/repository/org/apache/logging/log4j/log4j-to-slf4j/2.14.1/log4j-to-slf4j-2.14.1.jar:/Users/obinnaonyimadu/.m2/repository/org/apache/logging/log4j/log4j-api/2.14.1/log4j-api-2.14.1.jar:/Users/obinnaonyimadu/.m2/repository/org/slf4j/jul-to-slf4j/1.7.30/jul-to-slf4j-1.7.30.jar:/Users/obinnaonyimadu/.m2/repository/jakarta/annotation/jakarta.annotation-api/1.3.5/jakarta.annotation-api-1.3.5.jar:/Users/obinnaonyimadu/.m2/repository/org/yaml/snakeyaml/1.28/snakeyaml-1.28.jar:/Users/obinnaonyimadu/.m2/repository/org/springframework/spring-aop/5.3.7/spring-aop-5.3.7.jar:/Users/obinnaonyimadu/.m2/repository/org/springframework/security/spring-security-config/5.5.0/spring-security-config-5.5.0.jar:/Users/obinnaonyimadu/.m2/repository/org/jetbrains/kotlin/kotlin-stdlib-jdk8/1.5.0/kotlin-stdlib-jdk8-1.5.0.jar:/Users/obinnaonyimadu/.m2/repository/org/jetbrains/kotlin/kotlin-stdlib/1.5.0/kotlin-stdlib-1.5.0.jar:/Users/obinnaonyimadu/.m2/repository/org/jetbrains/annotations/13.0/annotations-13.0.jar:/Users/obinnaonyimadu/.m2/repository/org/jetbrains/kotlin/kotlin-stdlib-common/1.5.0/kotlin-stdlib-common-1.5.0.jar:/Users/obinnaonyimadu/.m2/repository/org/jetbrains/kotlin/kotlin-stdlib-jdk7/1.5.0/kotlin-stdlib-jdk7-1.5.0.jar:/Users/obinnaonyimadu/.m2/repository/org/springframework/security/spring-security-web/5.5.0/spring-security-web-5.5.0.jar:/Users/obinnaonyimadu/.m2/repository/org/springframework/spring-expression/5.3.7/spring-expression-5.3.7.jar:/Users/obinnaonyimadu/.m2/repository/org/springframework/boot/spring-boot-starter-web/2.5.0/spring-boot-starter-web-2.5.0.jar:/Users/obinnaonyimadu/.m2/repository/org/springframework/boot/spring-boot-starter-json/2.5.0/spring-boot-starter-json-2.5.0.jar:/Users/obinnaonyimadu/.m2/repository/com/fasterxml/jackson/datatype/jackson-datatype-jdk8/2.12.3/jackson-datatype-jdk8-2.12.3.jar:/Users/obinnaonyimadu/.m2/repository/com/fasterxml/jackson/datatype/jackson-datatype-jsr310/2.12.3/jackson-datatype-jsr310-2.12.3.jar:/Users/obinnaonyimadu/.m2/repository/com/fasterxml/jackson/module/jackson-module-parameter-names/2.12.3/jackson-module-parameter-names-2.12.3.jar:/Users/obinnaonyimadu/.m2/repository/org/springframework/boot/spring-boot-starter-tomcat/2.5.0/spring-boot-starter-tomcat-2.5.0.jar:/Users/obinnaonyimadu/.m2/repository/org/apache/tomcat/embed/tomcat-embed-core/9.0.46/tomcat-embed-core-9.0.46.jar:/Users/obinnaonyimadu/.m2/repository/org/apache/tomcat/embed/tomcat-embed-el/9.0.46/tomcat-embed-el-9.0.46.jar:/Users/obinnaonyimadu/.m2/repository/org/apache/tomcat/embed/tomcat-embed-websocket/9.0.46/tomcat-embed-websocket-9.0.46.jar:/Users/obinnaonyimadu/.m2/repository/org/springframework/spring-web/5.3.7/spring-web-5.3.7.jar:/Users/obinnaonyimadu/.m2/repository/org/springframework/spring-webmvc/5.3.7/spring-webmvc-5.3.7.jar:/Users/obinnaonyimadu/.m2/repository/org/projectlombok/lombok/1.18.20/lombok-1.18.20.jar:/Users/obinnaonyimadu/.m2/repository/org/springframework/boot/spring-boot-starter-test/2.5.0/spring-boot-starter-test-2.5.0.jar:/Users/obinnaonyimadu/.m2/repository/org/springframework/boot/spring-boot-test/2.5.0/spring-boot-test-2.5.0.jar:/Users/obinnaonyimadu/.m2/repository/org/springframework/boot/spring-boot-test-autoconfigure/2.5.0/spring-boot-test-autoconfigure-2.5.0.jar:/Users/obinnaonyimadu/.m2/repository/com/jayway/jsonpath/json-path/2.5.0/json-path-2.5.0.jar:/Users/obinnaonyimadu/.m2/repository/net/minidev/json-smart/2.4.7/json-smart-2.4.7.jar:/Users/obinnaonyimadu/.m2/repository/net/minidev/accessors-smart/2.4.7/accessors-smart-2.4.7.jar:/Users/obinnaonyimadu/.m2/repository/org/ow2/asm/asm/9.1/asm-9.1.jar:/Users/obinnaonyimadu/.m2/repository/org/slf4j/slf4j-api/1.7.30/slf4j-api-1.7.30.jar:/Users/obinnaonyimadu/.m2/repository/jakarta/xml/bind/jakarta.xml.bind-api/2.3.3/jakarta.xml.bind-api-2.3.3.jar:/Users/obinnaonyimadu/.m2/repository/jakarta/activation/jakarta.activation-api/1.2.2/jakarta.activation-api-1.2.2.jar:/Users/obinnaonyimadu/.m2/repository/org/assertj/assertj-core/3.19.0/assertj-core-3.19.0.jar:/Users/obinnaonyimadu/.m2/repository/org/hamcrest/hamcrest/2.2/hamcrest-2.2.jar:/Users/obinnaonyimadu/.m2/repository/org/junit/jupiter/junit-jupiter/5.7.2/junit-jupiter-5.7.2.jar:/Users/obinnaonyimadu/.m2/repository/org/junit/jupiter/junit-jupiter-api/5.7.2/junit-jupiter-api-5.7.2.jar:/Users/obinnaonyimadu/.m2/repository/org/apiguardian/apiguardian-api/1.1.0/apiguardian-api-1.1.0.jar:/Users/obinnaonyimadu/.m2/repository/org/opentest4j/opentest4j/1.2.0/opentest4j-1.2.0.jar:/Users/obinnaonyimadu/.m2/repository/org/junit/platform/junit-platform-commons/1.7.2/junit-platform-commons-1.7.2.jar:/Users/obinnaonyimadu/.m2/repository/org/junit/jupiter/junit-jupiter-params/5.7.2/junit-jupiter-params-5.7.2.jar:/Users/obinnaonyimadu/.m2/repository/org/junit/jupiter/junit-jupiter-engine/5.7.2/junit-jupiter-engine-5.7.2.jar:/Users/obinnaonyimadu/.m2/repository/org/junit/platform/junit-platform-engine/1.7.2/junit-platform-engine-1.7.2.jar:/Users/obinnaonyimadu/.m2/repository/org/mockito/mockito-core/3.9.0/mockito-core-3.9.0.jar:/Users/obinnaonyimadu/.m2/repository/net/bytebuddy/byte-buddy/1.10.22/byte-buddy-1.10.22.jar:/Users/obinnaonyimadu/.m2/repository/net/bytebuddy/byte-buddy-agent/1.10.22/byte-buddy-agent-1.10.22.jar:/Users/obinnaonyimadu/.m2/repository/org/objenesis/objenesis/3.2/objenesis-3.2.jar:/Users/obinnaonyimadu/.m2/repository/org/mockito/mockito-junit-jupiter/3.9.0/mockito-junit-jupiter-3.9.0.jar:/Users/obinnaonyimadu/.m2/repository/org/skyscreamer/jsonassert/1.5.0/jsonassert-1.5.0.jar:/Users/obinnaonyimadu/.m2/repository/com/vaadin/external/google/android-json/0.0.20131108.vaadin1/android-json-0.0.20131108.vaadin1.jar:/Users/obinnaonyimadu/.m2/repository/org/springframework/spring-core/5.3.7/spring-core-5.3.7.jar:/Users/obinnaonyimadu/.m2/repository/org/springframework/spring-jcl/5.3.7/spring-jcl-5.3.7.jar:/Users/obinnaonyimadu/.m2/repository/org/springframework/spring-test/5.3.7/spring-test-5.3.7.jar:/Users/obinnaonyimadu/.m2/repository/org/xmlunit/xmlunit-core/2.8.2/xmlunit-core-2.8.2.jar:/Users/obinnaonyimadu/.m2/repository/org/springframework/security/spring-security-test/5.5.0/spring-security-test-5.5.0.jar:/Users/obinnaonyimadu/.m2/repository/org/springframework/security/spring-security-core/5.5.0/spring-security-core-5.5.0.jar:/Users/obinnaonyimadu/.m2/repository/org/springframework/security/spring-security-crypto/5.5.0/spring-security-crypto-5.5.0.jar:/Users/obinnaonyimadu/.m2/repository/org/axonframework/axon-spring-boot-starter/4.4/axon-spring-boot-starter-4.4.jar:/Users/obinnaonyimadu/.m2/repository/org/axonframework/axon-spring-boot-autoconfigure/4.4/axon-spring-boot-autoconfigure-4.4.jar:/Users/obinnaonyimadu/.m2/repository/org/axonframework/axon-server-connector/4.4/axon-server-connector-4.4.jar:/Users/obinnaonyimadu/.m2/repository/io/axoniq/axonserver-connector-java/4.4/axonserver-connector-java-4.4.jar:/Users/obinnaonyimadu/.m2/repository/io/grpc/grpc-protobuf/1.28.1/grpc-protobuf-1.28.1.jar:/Users/obinnaonyimadu/.m2/repository/io/grpc/grpc-api/1.28.1/grpc-api-1.28.1.jar:/Users/obinnaonyimadu/.m2/repository/io/grpc/grpc-context/1.28.1/grpc-context-1.28.1.jar:/Users/obinnaonyimadu/.m2/repository/com/google/errorprone/error_prone_annotations/2.3.4/error_prone_annotations-2.3.4.jar:/Users/obinnaonyimadu/.m2/repository/com/google/code/findbugs/jsr305/3.0.2/jsr305-3.0.2.jar:/Users/obinnaonyimadu/.m2/repository/org/codehaus/mojo/animal-sniffer-annotations/1.18/animal-sniffer-annotations-1.18.jar:/Users/obinnaonyimadu/.m2/repository/com/google/protobuf/protobuf-java/3.11.0/protobuf-java-3.11.0.jar:/Users/obinnaonyimadu/.m2/repository/com/google/guava/guava/28.1-android/guava-28.1-android.jar:/Users/obinnaonyimadu/.m2/repository/com/google/guava/failureaccess/1.0.1/failureaccess-1.0.1.jar:/Users/obinnaonyimadu/.m2/repository/com/google/guava/listenablefuture/9999.0-empty-to-avoid-conflict-with-guava/listenablefuture-9999.0-empty-to-avoid-conflict-with-guava.jar:/Users/obinnaonyimadu/.m2/repository/org/checkerframework/checker-compat-qual/2.5.5/checker-compat-qual-2.5.5.jar:/Users/obinnaonyimadu/.m2/repository/com/google/j2objc/j2objc-annotations/1.3/j2objc-annotations-1.3.jar:/Users/obinnaonyimadu/.m2/repository/com/google/api/grpc/proto-google-common-protos/1.17.0/proto-google-common-protos-1.17.0.jar:/Users/obinnaonyimadu/.m2/repository/io/grpc/grpc-protobuf-lite/1.28.1/grpc-protobuf-lite-1.28.1.jar:/Users/obinnaonyimadu/.m2/repository/io/grpc/grpc-stub/1.28.1/grpc-stub-1.28.1.jar:/Users/obinnaonyimadu/.m2/repository/io/grpc/grpc-netty/1.28.1/grpc-netty-1.28.1.jar:/Users/obinnaonyimadu/.m2/repository/io/grpc/grpc-core/1.28.1/grpc-core-1.28.1.jar:/Users/obinnaonyimadu/.m2/repository/com/google/code/gson/gson/2.8.6/gson-2.8.6.jar:/Users/obinnaonyimadu/.m2/repository/com/google/android/annotations/4.1.1.4/annotations-4.1.1.4.jar:/Users/obinnaonyimadu/.m2/repository/io/perfmark/perfmark-api/0.19.0/perfmark-api-0.19.0.jar:/Users/obinnaonyimadu/.m2/repository/io/netty/netty-codec-http2/4.1.65.Final/netty-codec-http2-4.1.65.Final.jar:/Users/obinnaonyimadu/.m2/repository/io/netty/netty-common/4.1.65.Final/netty-common-4.1.65.Final.jar:/Users/obinnaonyimadu/.m2/repository/io/netty/netty-buffer/4.1.65.Final/netty-buffer-4.1.65.Final.jar:/Users/obinnaonyimadu/.m2/repository/io/netty/netty-transport/4.1.65.Final/netty-transport-4.1.65.Final.jar:/Users/obinnaonyimadu/.m2/repository/io/netty/netty-resolver/4.1.65.Final/netty-resolver-4.1.65.Final.jar:/Users/obinnaonyimadu/.m2/repository/io/netty/netty-codec/4.1.65.Final/netty-codec-4.1.65.Final.jar:/Users/obinnaonyimadu/.m2/repository/io/netty/netty-handler/4.1.65.Final/netty-handler-4.1.65.Final.jar:/Users/obinnaonyimadu/.m2/repository/io/netty/netty-codec-http/4.1.65.Final/netty-codec-http-4.1.65.Final.jar:/Users/obinnaonyimadu/.m2/repository/io/netty/netty-handler-proxy/4.1.65.Final/netty-handler-proxy-4.1.65.Final.jar:/Users/obinnaonyimadu/.m2/repository/io/netty/netty-codec-socks/4.1.65.Final/netty-codec-socks-4.1.65.Final.jar:/Users/obinnaonyimadu/.m2/repository/io/netty/netty-tcnative-boringssl-static/2.0.39.Final/netty-tcnative-boringssl-static-2.0.39.Final.jar:/Users/obinnaonyimadu/.m2/repository/org/axonframework/axon-spring/4.4/axon-spring-4.4.jar:/Users/obinnaonyimadu/.m2/repository/org/axonframework/axon-configuration/4.4/axon-configuration-4.4.jar:/Users/obinnaonyimadu/.m2/repository/org/axonframework/axon-disruptor/4.4/axon-disruptor-4.4.jar:/Users/obinnaonyimadu/.m2/repository/com/lmax/disruptor/3.4.2/disruptor-3.4.2.jar:/Users/obinnaonyimadu/.m2/repository/org/axonframework/axon-eventsourcing/4.4/axon-eventsourcing-4.4.jar:/Users/obinnaonyimadu/.m2/repository/org/axonframework/axon-modelling/4.4/axon-modelling-4.4.jar:/Users/obinnaonyimadu/.m2/repository/org/axonframework/axon-messaging/4.4/axon-messaging-4.4.jar:/Users/obinnaonyimadu/.m2/repository/com/thoughtworks/xstream/xstream/1.4.11.1/xstream-1.4.11.1.jar:/Users/obinnaonyimadu/.m2/repository/xpp3/xpp3/1.1.4c/xpp3-1.1.4c.jar:/Users/obinnaonyimadu/.m2/repository/org/springframework/security/oauth/spring-security-oauth2/2.5.1.RELEASE/spring-security-oauth2-2.5.1.RELEASE.jar:/Users/obinnaonyimadu/.m2/repository/org/springframework/spring-beans/5.3.7/spring-beans-5.3.7.jar:/Users/obinnaonyimadu/.m2/repository/org/springframework/spring-context/5.3.7/spring-context-5.3.7.jar:/Users/obinnaonyimadu/.m2/repository/commons-codec/commons-codec/1.15/commons-codec-1.15.jar:/Users/obinnaonyimadu/.m2/repository/org/springframework/security/oauth/boot/spring-security-oauth2-autoconfigure/2.5.0/spring-security-oauth2-autoconfigure-2.5.0.jar:/Users/obinnaonyimadu/.m2/repository/com/fasterxml/jackson/core/jackson-annotations/2.12.3/jackson-annotations-2.12.3.jar:/Users/obinnaonyimadu/.m2/repository/com/fasterxml/jackson/core/jackson-databind/2.12.3/jackson-databind-2.12.3.jar:/Users/obinnaonyimadu/.m2/repository/com/fasterxml/jackson/core/jackson-core/2.12.3/jackson-core-2.12.3.jar:/Users/obinnaonyimadu/.m2/repository/javax/xml/bind/jaxb-api/2.3.1/jaxb-api-2.3.1.jar:/Users/obinnaonyimadu/.m2/repository/javax/activation/javax.activation-api/1.2.0/javax.activation-api-1.2.0.jar:/Users/obinnaonyimadu/.m2/repository/org/springframework/boot/spring-boot/2.5.0/spring-boot-2.5.0.jar:/Users/obinnaonyimadu/.m2/repository/org/springframework/boot/spring-boot-autoconfigure/2.5.0/spring-boot-autoconfigure-2.5.0.jar:/Users/obinnaonyimadu/.m2/repository/org/glassfish/jaxb/jaxb-runtime/2.3.4/jaxb-runtime-2.3.4.jar:/Users/obinnaonyimadu/.m2/repository/org/glassfish/jaxb/txw2/2.3.4/txw2-2.3.4.jar:/Users/obinnaonyimadu/.m2/repository/com/sun/istack/istack-commons-runtime/3.0.12/istack-commons-runtime-3.0.12.jar:/Users/obinnaonyimadu/.m2/repository/com/sun/activation/jakarta.activation/1.2.2/jakarta.activation-1.2.2.jar:/Users/obinnaonyimadu/.m2/repository/org/springframework/security/spring-security-jwt/1.1.1.RELEASE/spring-security-jwt-1.1.1.RELEASE.jar:/Users/obinnaonyimadu/.m2/repository/org/bouncycastle/bcpkix-jdk15on/1.64/bcpkix-jdk15on-1.64.jar:/Users/obinnaonyimadu/.m2/repository/org/bouncycastle/bcprov-jdk15on/1.64/bcprov-jdk15on-1.64.jar:/Users/obinnaonyimadu/Downloads/user-bank-account/account.core/target/account.core-1.0.0.jar:/Users/obinnaonyimadu/.m2/repository/org/springframework/boot/spring-boot-starter-data-jpa/2.5.0/spring-boot-starter-data-jpa-2.5.0.jar:/Users/obinnaonyimadu/.m2/repository/org/springframework/boot/spring-boot-starter-aop/2.5.0/spring-boot-starter-aop-2.5.0.jar:/Users/obinnaonyimadu/.m2/repository/org/aspectj/aspectjweaver/1.9.6/aspectjweaver-1.9.6.jar:/Users/obinnaonyimadu/.m2/repository/org/springframework/boot/spring-boot-starter-jdbc/2.5.0/spring-boot-starter-jdbc-2.5.0.jar:/Users/obinnaonyimadu/.m2/repository/com/zaxxer/HikariCP/4.0.3/HikariCP-4.0.3.jar:/Users/obinnaonyimadu/.m2/repository/org/springframework/spring-jdbc/5.3.7/spring-jdbc-5.3.7.jar:/Users/obinnaonyimadu/.m2/repository/jakarta/transaction/jakarta.transaction-api/1.3.3/jakarta.transaction-api-1.3.3.jar:/Users/obinnaonyimadu/.m2/repository/jakarta/persistence/jakarta.persistence-api/2.2.3/jakarta.persistence-api-2.2.3.jar:/Users/obinnaonyimadu/.m2/repository/org/hibernate/hibernate-core/5.4.31.Final/hibernate-core-5.4.31.Final.jar:/Users/obinnaonyimadu/.m2/repository/org/jboss/logging/jboss-logging/3.4.1.Final/jboss-logging-3.4.1.Final.jar:/Users/obinnaonyimadu/.m2/repository/org/javassist/javassist/3.27.0-GA/javassist-3.27.0-GA.jar:/Users/obinnaonyimadu/.m2/repository/antlr/antlr/2.7.7/antlr-2.7.7.jar:/Users/obinnaonyimadu/.m2/repository/org/jboss/jandex/2.2.3.Final/jandex-2.2.3.Final.jar:/Users/obinnaonyimadu/.m2/repository/com/fasterxml/classmate/1.5.1/classmate-1.5.1.jar:/Users/obinnaonyimadu/.m2/repository/org/dom4j/dom4j/2.1.3/dom4j-2.1.3.jar:/Users/obinnaonyimadu/.m2/repository/org/hibernate/common/hibernate-commons-annotations/5.1.2.Final/hibernate-commons-annotations-5.1.2.Final.jar:/Users/obinnaonyimadu/.m2/repository/org/springframework/data/spring-data-jpa/2.5.1/spring-data-jpa-2.5.1.jar:/Users/obinnaonyimadu/.m2/repository/org/springframework/data/spring-data-commons/2.5.1/spring-data-commons-2.5.1.jar:/Users/obinnaonyimadu/.m2/repository/org/springframework/spring-orm/5.3.7/spring-orm-5.3.7.jar:/Users/obinnaonyimadu/.m2/repository/org/springframework/spring-tx/5.3.7/spring-tx-5.3.7.jar:/Users/obinnaonyimadu/.m2/repository/org/springframework/spring-aspects/5.3.7/spring-aspects-5.3.7.jar:/Users/obinnaonyimadu/.m2/repository/mysql/mysql-connector-java/8.0.25/mysql-connector-java-8.0.25.jar:/Users/obinnaonyimadu/.m2/repository/org/axonframework/extensions/mongo/axon-mongo/4.4/axon-mongo-4.4.jar:/Users/obinnaonyimadu/.m2/repository/org/mongodb/mongodb-driver-sync/4.2.3/mongodb-driver-sync-4.2.3.jar:/Users/obinnaonyimadu/.m2/repository/org/mongodb/bson/4.2.3/bson-4.2.3.jar:/Users/obinnaonyimadu/.m2/repository/org/mongodb/mongodb-driver-core/4.2.3/mongodb-driver-core-4.2.3.jar:"/>
    <property name="sun.cpu.endian" value="little"/>
    <property name="user.home" value="/Users/obinnaonyimadu"/>
    <property name="user.language" value="en"/>
    <property name="java.specification.vendor" value="Oracle Corporation"/>
    <property name="java.version.date" value="2019-10-15"/>
    <property name="java.home" value="/Library/Java/JavaVirtualMachines/openjdk-13.0.1.jdk/Contents/Home"/>
    <property name="file.separator" value="/"/>
    <property name="basedir" value="/Users/obinnaonyimadu/Downloads/user-bank-account/account.cmd.api"/>
    <property name="java.vm.compressedOopsMode" value="Zero based"/>
    <property name="line.separator" value="&#10;"/>
    <property name="java.specification.name" value="Java Platform API Specification"/>
    <property name="java.vm.specification.vendor" value="Oracle Corporation"/>
    <property name="surefire.real.class.path" value="/Users/obinnaonyimadu/Downloads/user-bank-account/account.cmd.api/target/surefire/surefirebooter9956453909181821202.jar"/>
    <property name="sun.management.compiler" value="HotSpot 64-Bit Tiered Compilers"/>
    <property name="ftp.nonProxyHosts" value="local|*.local|169.254/16|*.169.254/16"/>
    <property name="java.runtime.version" value="13.0.1+9"/>
    <property name="user.name" value="obinnaonyimadu"/>
    <property name="path.separator" value=":"/>
    <property name="os.version" value="10.16"/>
    <property name="java.runtime.name" value="OpenJDK Runtime Environment"/>
    <property name="file.encoding" value="UTF-8"/>
    <property name="java.vm.name" value="OpenJDK 64-Bit Server VM"/>
    <property name="localRepository" value="/Users/obinnaonyimadu/.m2/repository"/>
    <property name="java.vendor.url.bug" value="https://bugreport.java.com/bugreport/"/>
    <property name="java.io.tmpdir" value="/var/folders/b_/f8jp_z6x2xj8t6k2d2sghqkc0000gn/T/"/>
    <property name="java.version" value="13.0.1"/>
    <property name="user.dir" value="/Users/obinnaonyimadu/Downloads/user-bank-account/account.cmd.api"/>
    <property name="os.arch" value="x86_64"/>
    <property name="java.vm.specification.name" value="Java Virtual Machine Specification"/>
    <property name="java.library.path" value="/Users/obinnaonyimadu/Library/Java/Extensions:/Library/Java/Extensions:/Network/Library/Java/Extensions:/System/Library/Java/Extensions:/usr/lib/java:."/>
    <property name="java.vm.info" value="mixed mode, sharing"/>
    <property name="java.vendor" value="Oracle Corporation"/>
    <property name="java.vm.version" value="13.0.1+9"/>
    <property name="sun.io.unicode.encoding" value="UnicodeBig"/>
    <property name="socksNonProxyHosts" value="local|*.local|169.254/16|*.169.254/16"/>
    <property name="java.class.version" value="57.0"/>
  </properties>
  <testcase name="contextLoads" classname="com.org.obtech.account.cmd.api.BankAccCommandApplicationTests" time="0.315"/>
</testsuite>